[INFO] Scanning for projects...
[INFO] 
[INFO] --------------------< com.example:5-Txr-system-v3 >---------------------
[INFO] Building 5-Txr-system-v3 0.0.1-SNAPSHOT
[INFO] --------------------------------[ jar ]---------------------------------
[INFO] 
[INFO] >>> spring-boot-maven-plugin:2.1.7.RELEASE:run (default-cli) > test-compile @ 5-Txr-system-v3 >>>
[INFO] 
[INFO] --- maven-resources-plugin:3.1.0:resources (default-resources) @ 5-Txr-system-v3 ---
[INFO] Using 'UTF-8' encoding to copy filtered resources.
[INFO] Copying 2 resources
[INFO] Copying 1 resource
[INFO] 
[INFO] --- maven-compiler-plugin:3.8.1:compile (default-compile) @ 5-Txr-system-v3 ---
[INFO] Nothing to compile - all classes are up to date
[INFO] 
[INFO] --- maven-resources-plugin:3.1.0:testResources (default-testResources) @ 5-Txr-system-v3 ---
[INFO] Using 'UTF-8' encoding to copy filtered resources.
[INFO] Copying 1 resource
[INFO] 
[INFO] --- maven-compiler-plugin:3.8.1:testCompile (default-testCompile) @ 5-Txr-system-v3 ---
[INFO] Nothing to compile - all classes are up to date
[INFO] 
[INFO] <<< spring-boot-maven-plugin:2.1.7.RELEASE:run (default-cli) < test-compile @ 5-Txr-system-v3 <<<
[INFO] 
[INFO] 
[INFO] --- spring-boot-maven-plugin:2.1.7.RELEASE:run (default-cli) @ 5-Txr-system-v3 ---

  .   ____          _            __ _ _
 /\\ / ___'_ __ _ _(_)_ __  __ _ \ \ \ \
( ( )\___ | '_ | '_| | '_ \/ _` | \ \ \ \
 \\/  ___)| |_)| | | | | || (_| |  ) ) ) )
  '  |____| .__|_| |_|_| |_\__, | / / / /
 =========|_|==============|___/=/_/_/_/
 :: Spring Boot ::        (v2.1.7.RELEASE)

2019-09-05 22:05:52.395  INFO 22730 --- [           main] com.example.Application                  : Starting Application on NAGABHUSHANAMs-MacBook-Pro.local with PID 22730 (/Users/nag-training/git/airbus-automation/Txr-system/target/classes started by nag-training in /Users/nag-training/git/airbus-automation/Txr-system)
2019-09-05 22:05:52.399  INFO 22730 --- [           main] com.example.Application                  : No active profile set, falling back to default profiles: default
2019-09-05 22:05:53.082  INFO 22730 --- [           main] .s.d.r.c.RepositoryConfigurationDelegate : Bootstrapping Spring Data repositories in DEFAULT mode.
2019-09-05 22:05:53.143  INFO 22730 --- [           main] .s.d.r.c.RepositoryConfigurationDelegate : Finished Spring Data repository scanning in 54ms. Found 1 repository interfaces.
2019-09-05 22:05:53.466  INFO 22730 --- [           main] trationDelegate$BeanPostProcessorChecker : Bean 'org.springframework.transaction.annotation.ProxyTransactionManagementConfiguration' of type [org.springframework.transaction.annotation.ProxyTransactionManagementConfiguration$$EnhancerBySpringCGLIB$$9d74b425] is not eligible for getting processed by all BeanPostProcessors (for example: not eligible for auto-proxying)
2019-09-05 22:05:53.732  INFO 22730 --- [           main] o.s.b.w.embedded.tomcat.TomcatWebServer  : Tomcat initialized with port(s): 8181 (http)
2019-09-05 22:05:53.760  INFO 22730 --- [           main] o.apache.catalina.core.StandardService   : Starting service [Tomcat]
2019-09-05 22:05:53.760  INFO 22730 --- [           main] org.apache.catalina.core.StandardEngine  : Starting Servlet engine: [Apache Tomcat/9.0.22]
2019-09-05 22:05:53.837  INFO 22730 --- [           main] o.a.c.c.C.[Tomcat].[localhost].[/]       : Initializing Spring embedded WebApplicationContext
2019-09-05 22:05:53.838  INFO 22730 --- [           main] o.s.web.context.ContextLoader            : Root WebApplicationContext: initialization completed in 1396 ms
2019-09-05 22:05:53.988  INFO 22730 --- [           main] com.zaxxer.hikari.HikariDataSource       : HikariPool-1 - Starting...
2019-09-05 22:05:54.161  INFO 22730 --- [           main] com.zaxxer.hikari.HikariDataSource       : HikariPool-1 - Start completed.
2019-09-05 22:05:54.216  INFO 22730 --- [           main] o.hibernate.jpa.internal.util.LogHelper  : HHH000204: Processing PersistenceUnitInfo [
	name: default
	...]
2019-09-05 22:05:54.283  INFO 22730 --- [           main] org.hibernate.Version                    : HHH000412: Hibernate Core {5.3.10.Final}
2019-09-05 22:05:54.285  INFO 22730 --- [           main] org.hibernate.cfg.Environment            : HHH000206: hibernate.properties not found
2019-09-05 22:05:54.477  INFO 22730 --- [           main] o.hibernate.annotations.common.Version   : HCANN000001: Hibernate Commons Annotations {5.0.4.Final}
2019-09-05 22:05:54.609  INFO 22730 --- [           main] org.hibernate.dialect.Dialect            : HHH000400: Using dialect: org.hibernate.dialect.H2Dialect
Hibernate: drop table account if exists
Hibernate: create table account (num varchar(255) not null, balance double not null, primary key (num))
2019-09-05 22:05:55.402  INFO 22730 --- [           main] o.h.t.schema.internal.SchemaCreatorImpl  : HHH000476: Executing import script 'org.hibernate.tool.schema.internal.exec.ScriptSourceInputNonExistentImpl@321e0b60'
2019-09-05 22:05:55.404  INFO 22730 --- [           main] j.LocalContainerEntityManagerFactoryBean : Initialized JPA EntityManagerFactory for persistence unit 'default'
2019-09-05 22:05:55.833  INFO 22730 --- [           main] o.s.s.concurrent.ThreadPoolTaskExecutor  : Initializing ExecutorService 'applicationTaskExecutor'
2019-09-05 22:05:55.873  WARN 22730 --- [           main] aWebConfiguration$JpaWebMvcConfiguration : spring.jpa.open-in-view is enabled by default. Therefore, database queries may be performed during view rendering. Explicitly configure spring.jpa.open-in-view to disable this warning
2019-09-05 22:05:56.069  INFO 22730 --- [           main] o.s.b.w.embedded.tomcat.TomcatWebServer  : Tomcat started on port(s): 8181 (http) with context path ''
2019-09-05 22:05:56.071  INFO 22730 --- [           main] com.example.Application                  : Started Application in 3.981 seconds (JVM running for 6.933)
2019-09-05 22:06:41.966  INFO 22730 --- [nio-8181-exec-1] o.a.c.c.C.[Tomcat].[localhost].[/]       : Initializing Spring DispatcherServlet 'dispatcherServlet'
2019-09-05 22:06:41.966  INFO 22730 --- [nio-8181-exec-1] o.s.web.servlet.DispatcherServlet        : Initializing Servlet 'dispatcherServlet'
2019-09-05 22:06:41.974  INFO 22730 --- [nio-8181-exec-1] o.s.web.servlet.DispatcherServlet        : Completed initialization in 8 ms
Hibernate: select account0_.num as num1_0_0_, account0_.balance as balance2_0_0_ from account account0_ where account0_.num=?
Hibernate: select account0_.num as num1_0_0_, account0_.balance as balance2_0_0_ from account account0_ where account0_.num=?
Hibernate: update account set balance=? where num=?
Hibernate: update account set balance=? where num=?
Hibernate: select account0_.num as num1_0_0_, account0_.balance as balance2_0_0_ from account account0_ where account0_.num=?
Hibernate: select account0_.num as num1_0_0_, account0_.balance as balance2_0_0_ from account account0_ where account0_.num=?
Hibernate: update account set balance=? where num=?
Hibernate: update account set balance=? where num=?
Hibernate: select account0_.num as num1_0_0_, account0_.balance as balance2_0_0_ from account account0_ where account0_.num=?
Hibernate: select account0_.num as num1_0_0_, account0_.balance as balance2_0_0_ from account account0_ where account0_.num=?
Hibernate: update account set balance=? where num=?
Hibernate: update account set balance=? where num=?
Hibernate: select account0_.num as num1_0_0_, account0_.balance as balance2_0_0_ from account account0_ where account0_.num=?
Hibernate: select account0_.num as num1_0_0_, account0_.balance as balance2_0_0_ from account account0_ where account0_.num=?
Hibernate: update account set balance=? where num=?
Hibernate: update account set balance=? where num=?
Hibernate: select account0_.num as num1_0_0_, account0_.balance as balance2_0_0_ from account account0_ where account0_.num=?
Hibernate: select account0_.num as num1_0_0_, account0_.balance as balance2_0_0_ from account account0_ where account0_.num=?
Hibernate: update account set balance=? where num=?
Hibernate: update account set balance=? where num=?
Hibernate: select account0_.num as num1_0_0_, account0_.balance as balance2_0_0_ from account account0_ where account0_.num=?
Hibernate: select account0_.num as num1_0_0_, account0_.balance as balance2_0_0_ from account account0_ where account0_.num=?
Hibernate: update account set balance=? where num=?
Hibernate: update account set balance=? where num=?
Hibernate: select account0_.num as num1_0_0_, account0_.balance as balance2_0_0_ from account account0_ where account0_.num=?
Hibernate: select account0_.num as num1_0_0_, account0_.balance as balance2_0_0_ from account account0_ where account0_.num=?
Hibernate: update account set balance=? where num=?
Hibernate: update account set balance=? where num=?
Hibernate: select account0_.num as num1_0_0_, account0_.balance as balance2_0_0_ from account account0_ where account0_.num=?
Hibernate: select account0_.num as num1_0_0_, account0_.balance as balance2_0_0_ from account account0_ where account0_.num=?
Hibernate: update account set balance=? where num=?
Hibernate: update account set balance=? where num=?
Hibernate: select account0_.num as num1_0_0_, account0_.balance as balance2_0_0_ from account account0_ where account0_.num=?
Hibernate: select account0_.num as num1_0_0_, account0_.balance as balance2_0_0_ from account account0_ where account0_.num=?
Hibernate: update account set balance=? where num=?
Hibernate: update account set balance=? where num=?
Hibernate: select account0_.num as num1_0_0_, account0_.balance as balance2_0_0_ from account account0_ where account0_.num=?
Hibernate: select account0_.num as num1_0_0_, account0_.balance as balance2_0_0_ from account account0_ where account0_.num=?
Hibernate: update account set balance=? where num=?
Hibernate: update account set balance=? where num=?
Hibernate: select account0_.num as num1_0_0_, account0_.balance as balance2_0_0_ from account account0_ where account0_.num=?
Hibernate: select account0_.num as num1_0_0_, account0_.balance as balance2_0_0_ from account account0_ where account0_.num=?
2019-09-05 22:06:45.268 ERROR 22730 --- [nio-8181-exec-1] o.a.c.c.C.[.[.[/].[dispatcherServlet]    : Servlet.service() for servlet [dispatcherServlet] in context with path [] threw exception [Request processing failed; nested exception is com.example.exceptions.AccountBalanceException: Not enough balance] with root cause

com.example.exceptions.AccountBalanceException: Not enough balance
	at com.example.service.TxrServiceImpl.transfer(TxrServiceImpl.java:26) ~[classes/:na]
	at com.example.web.TxrController.doTxr(TxrController.java:21) ~[classes/:na]
	at sun.reflect.NativeMethodAccessorImpl.invoke0(Native Method) ~[na:1.8.0_181]
	at sun.reflect.NativeMethodAccessorImpl.invoke(NativeMethodAccessorImpl.java:62) ~[na:1.8.0_181]
	at sun.reflect.DelegatingMethodAccessorImpl.invoke(DelegatingMethodAccessorImpl.java:43) ~[na:1.8.0_181]
	at java.lang.reflect.Method.invoke(Method.java:498) ~[na:1.8.0_181]
	at org.springframework.web.method.support.InvocableHandlerMethod.doInvoke(InvocableHandlerMethod.java:190) ~[spring-web-5.1.9.RELEASE.jar:5.1.9.RELEASE]
	at org.springframework.web.method.support.InvocableHandlerMethod.invokeForRequest(InvocableHandlerMethod.java:138) ~[spring-web-5.1.9.RELEASE.jar:5.1.9.RELEASE]
	at org.springframework.web.servlet.mvc.method.annotation.ServletInvocableHandlerMethod.invokeAndHandle(ServletInvocableHandlerMethod.java:104) ~[spring-webmvc-5.1.9.RELEASE.jar:5.1.9.RELEASE]
	at org.springframework.web.servlet.mvc.method.annotation.RequestMappingHandlerAdapter.invokeHandlerMethod(RequestMappingHandlerAdapter.java:892) ~[spring-webmvc-5.1.9.RELEASE.jar:5.1.9.RELEASE]
	at org.springframework.web.servlet.mvc.method.annotation.RequestMappingHandlerAdapter.handleInternal(RequestMappingHandlerAdapter.java:797) ~[spring-webmvc-5.1.9.RELEASE.jar:5.1.9.RELEASE]
	at org.springframework.web.servlet.mvc.method.AbstractHandlerMethodAdapter.handle(AbstractHandlerMethodAdapter.java:87) ~[spring-webmvc-5.1.9.RELEASE.jar:5.1.9.RELEASE]
	at org.springframework.web.servlet.DispatcherServlet.doDispatch(DispatcherServlet.java:1039) ~[spring-webmvc-5.1.9.RELEASE.jar:5.1.9.RELEASE]
	at org.springframework.web.servlet.DispatcherServlet.doService(DispatcherServlet.java:942) ~[spring-webmvc-5.1.9.RELEASE.jar:5.1.9.RELEASE]
	at org.springframework.web.servlet.FrameworkServlet.processRequest(FrameworkServlet.java:1005) ~[spring-webmvc-5.1.9.RELEASE.jar:5.1.9.RELEASE]
	at org.springframework.web.servlet.FrameworkServlet.doPost(FrameworkServlet.java:908) ~[spring-webmvc-5.1.9.RELEASE.jar:5.1.9.RELEASE]
	at javax.servlet.http.HttpServlet.service(HttpServlet.java:660) ~[tomcat-embed-core-9.0.22.jar:9.0.22]
	at org.springframework.web.servlet.FrameworkServlet.service(FrameworkServlet.java:882) ~[spring-webmvc-5.1.9.RELEASE.jar:5.1.9.RELEASE]
	at javax.servlet.http.HttpServlet.service(HttpServlet.java:741) ~[tomcat-embed-core-9.0.22.jar:9.0.22]
	at org.apache.catalina.core.ApplicationFilterChain.internalDoFilter(ApplicationFilterChain.java:231) ~[tomcat-embed-core-9.0.22.jar:9.0.22]
	at org.apache.catalina.core.ApplicationFilterChain.doFilter(ApplicationFilterChain.java:166) ~[tomcat-embed-core-9.0.22.jar:9.0.22]
	at org.apache.tomcat.websocket.server.WsFilter.doFilter(WsFilter.java:53) ~[tomcat-embed-websocket-9.0.22.jar:9.0.22]
	at org.apache.catalina.core.ApplicationFilterChain.internalDoFilter(ApplicationFilterChain.java:193) ~[tomcat-embed-core-9.0.22.jar:9.0.22]
	at org.apache.catalina.core.ApplicationFilterChain.doFilter(ApplicationFilterChain.java:166) ~[tomcat-embed-core-9.0.22.jar:9.0.22]
	at org.springframework.web.filter.RequestContextFilter.doFilterInternal(RequestContextFilter.java:99) ~[spring-web-5.1.9.RELEASE.jar:5.1.9.RELEASE]
	at org.springframework.web.filter.OncePerRequestFilter.doFilter(OncePerRequestFilter.java:118) ~[spring-web-5.1.9.RELEASE.jar:5.1.9.RELEASE]
	at org.apache.catalina.core.ApplicationFilterChain.internalDoFilter(ApplicationFilterChain.java:193) ~[tomcat-embed-core-9.0.22.jar:9.0.22]
	at org.apache.catalina.core.ApplicationFilterChain.doFilter(ApplicationFilterChain.java:166) ~[tomcat-embed-core-9.0.22.jar:9.0.22]
	at org.springframework.web.filter.FormContentFilter.doFilterInternal(FormContentFilter.java:92) ~[spring-web-5.1.9.RELEASE.jar:5.1.9.RELEASE]
	at org.springframework.web.filter.OncePerRequestFilter.doFilter(OncePerRequestFilter.java:118) ~[spring-web-5.1.9.RELEASE.jar:5.1.9.RELEASE]
	at org.apache.catalina.core.ApplicationFilterChain.internalDoFilter(ApplicationFilterChain.java:193) ~[tomcat-embed-core-9.0.22.jar:9.0.22]
	at org.apache.catalina.core.ApplicationFilterChain.doFilter(ApplicationFilterChain.java:166) ~[tomcat-embed-core-9.0.22.jar:9.0.22]
	at org.springframework.web.filter.HiddenHttpMethodFilter.doFilterInternal(HiddenHttpMethodFilter.java:93) ~[spring-web-5.1.9.RELEASE.jar:5.1.9.RELEASE]
	at org.springframework.web.filter.OncePerRequestFilter.doFilter(OncePerRequestFilter.java:118) ~[spring-web-5.1.9.RELEASE.jar:5.1.9.RELEASE]
	at org.apache.catalina.core.ApplicationFilterChain.internalDoFilter(ApplicationFilterChain.java:193) ~[tomcat-embed-core-9.0.22.jar:9.0.22]
	at org.apache.catalina.core.ApplicationFilterChain.doFilter(ApplicationFilterChain.java:166) ~[tomcat-embed-core-9.0.22.jar:9.0.22]
	at org.springframework.web.filter.CharacterEncodingFilter.doFilterInternal(CharacterEncodingFilter.java:200) ~[spring-web-5.1.9.RELEASE.jar:5.1.9.RELEASE]
	at org.springframework.web.filter.OncePerRequestFilter.doFilter(OncePerRequestFilter.java:118) ~[spring-web-5.1.9.RELEASE.jar:5.1.9.RELEASE]
	at org.apache.catalina.core.ApplicationFilterChain.internalDoFilter(ApplicationFilterChain.java:193) ~[tomcat-embed-core-9.0.22.jar:9.0.22]
	at org.apache.catalina.core.ApplicationFilterChain.doFilter(ApplicationFilterChain.java:166) ~[tomcat-embed-core-9.0.22.jar:9.0.22]
	at org.apache.catalina.core.StandardWrapperValve.invoke(StandardWrapperValve.java:202) ~[tomcat-embed-core-9.0.22.jar:9.0.22]
	at org.apache.catalina.core.StandardContextValve.invoke(StandardContextValve.java:96) [tomcat-embed-core-9.0.22.jar:9.0.22]
	at org.apache.catalina.authenticator.AuthenticatorBase.invoke(AuthenticatorBase.java:490) [tomcat-embed-core-9.0.22.jar:9.0.22]
	at org.apache.catalina.core.StandardHostValve.invoke(StandardHostValve.java:139) [tomcat-embed-core-9.0.22.jar:9.0.22]
	at org.apache.catalina.valves.ErrorReportValve.invoke(ErrorReportValve.java:92) [tomcat-embed-core-9.0.22.jar:9.0.22]
	at org.apache.catalina.core.StandardEngineValve.invoke(StandardEngineValve.java:74) [tomcat-embed-core-9.0.22.jar:9.0.22]
	at org.apache.catalina.connector.CoyoteAdapter.service(CoyoteAdapter.java:343) [tomcat-embed-core-9.0.22.jar:9.0.22]
	at org.apache.coyote.http11.Http11Processor.service(Http11Processor.java:408) [tomcat-embed-core-9.0.22.jar:9.0.22]
	at org.apache.coyote.AbstractProcessorLight.process(AbstractProcessorLight.java:66) [tomcat-embed-core-9.0.22.jar:9.0.22]
	at org.apache.coyote.AbstractProtocol$ConnectionHandler.process(AbstractProtocol.java:853) [tomcat-embed-core-9.0.22.jar:9.0.22]
	at org.apache.tomcat.util.net.NioEndpoint$SocketProcessor.doRun(NioEndpoint.java:1587) [tomcat-embed-core-9.0.22.jar:9.0.22]
	at org.apache.tomcat.util.net.SocketProcessorBase.run(SocketProcessorBase.java:49) [tomcat-embed-core-9.0.22.jar:9.0.22]
	at java.util.concurrent.ThreadPoolExecutor.runWorker(ThreadPoolExecutor.java:1149) [na:1.8.0_181]
	at java.util.concurrent.ThreadPoolExecutor$Worker.run(ThreadPoolExecutor.java:624) [na:1.8.0_181]
	at org.apache.tomcat.util.threads.TaskThread$WrappingRunnable.run(TaskThread.java:61) [tomcat-embed-core-9.0.22.jar:9.0.22]
	at java.lang.Thread.run(Thread.java:748) [na:1.8.0_181]

2019-09-05 22:06:54.619  INFO 22730 --- [       Thread-5] o.s.s.concurrent.ThreadPoolTaskExecutor  : Shutting down ExecutorService 'applicationTaskExecutor'
2019-09-05 22:06:54.620  INFO 22730 --- [       Thread-5] j.LocalContainerEntityManagerFactoryBean : Closing JPA EntityManagerFactory for persistence unit 'default'
2019-09-05 22:06:54.625  INFO 22730 --- [       Thread-5] com.zaxxer.hikari.HikariDataSource       : HikariPool-1 - Shutdown initiated...
2019-09-05 22:06:54.629  INFO 22730 --- [       Thread-5] com.zaxxer.hikari.HikariDataSource       : HikariPool-1 - Shutdown completed.
[I[INFO] Scanning for projects...
[INFO] 
[INFO] --------------------< com.example:5-Txr-system-v3 >---------------------
[INFO] Building 5-Txr-system-v3 0.0.1-SNAPSHOT
[INFO] --------------------------------[ jar ]---------------------------------
[INFO] 
[INFO] >>> spring-boot-maven-plugin:2.1.7.RELEASE:run (default-cli) > test-compile @ 5-Txr-system-v3 >>>
[INFO] 
[INFO] --- maven-resources-plugin:3.1.0:resources (default-resources) @ 5-Txr-system-v3 ---
[INFO] Using 'UTF-8' encoding to copy filtered resources.
[INFO] Copying 2 resources
[INFO] Copying 1 resource
[INFO] 
[INFO] --- maven-compiler-plugin:3.8.1:compile (default-compile) @ 5-Txr-system-v3 ---
[INFO] Nothing to compile - all classes are up to date
[INFO] 
[INFO] --- maven-resources-plugin:3.1.0:testResources (default-testResources) @ 5-Txr-system-v3 ---
[INFO] Using 'UTF-8' encoding to copy filtered resources.
[INFO] Copying 1 resource
[INFO] 
[INFO] --- maven-compiler-plugin:3.8.1:testCompile (default-testCompile) @ 5-Txr-system-v3 ---
[INFO] Nothing to compile - all classes are up to date
[INFO] 
[INFO] <<< spring-boot-maven-plugin:2.1.7.RELEASE:run (default-cli) < test-compile @ 5-Txr-system-v3 <<<
[INFO] 
[INFO] 
[INFO] --- spring-boot-maven-plugin:2.1.7.RELEASE:run (default-cli) @ 5-Txr-system-v3 ---

  .   ____          _            __ _ _
 /\\ / ___'_ __ _ _(_)_ __  __ _ \ \ \ \
( ( )\___ | '_ | '_| | '_ \/ _` | \ \ \ \
 \\/  ___)| |_)| | | | | || (_| |  ) ) ) )
  '  |____| .__|_| |_|_| |_\__, | / / / /
 =========|_|==============|___/=/_/_/_/
 :: Spring Boot ::        (v2.1.7.RELEASE)

2019-09-05 22:08:09.782  INFO 22948 --- [           main] com.example.Application                  : Starting Application on NAGABHUSHANAMs-MacBook-Pro.local with PID 22948 (/Users/nag-training/git/airbus-automation/Txr-system/target/classes started by nag-training in /Users/nag-training/git/airbus-automation/Txr-system)
2019-09-05 22:08:09.785  INFO 22948 --- [           main] com.example.Application                  : No active profile set, falling back to default profiles: default
2019-09-05 22:08:10.427  INFO 22948 --- [           main] .s.d.r.c.RepositoryConfigurationDelegate : Bootstrapping Spring Data repositories in DEFAULT mode.
2019-09-05 22:08:10.488  INFO 22948 --- [           main] .s.d.r.c.RepositoryConfigurationDelegate : Finished Spring Data repository scanning in 52ms. Found 1 repository interfaces.
2019-09-05 22:08:10.816  INFO 22948 --- [           main] trationDelegate$BeanPostProcessorChecker : Bean 'org.springframework.transaction.annotation.ProxyTransactionManagementConfiguration' of type [org.springframework.transaction.annotation.ProxyTransactionManagementConfiguration$$EnhancerBySpringCGLIB$$d84ea380] is not eligible for getting processed by all BeanPostProcessors (for example: not eligible for auto-proxying)
2019-09-05 22:08:11.127  INFO 22948 --- [           main] o.s.b.w.embedded.tomcat.TomcatWebServer  : Tomcat initialized with port(s): 8181 (http)
2019-09-05 22:08:11.156  INFO 22948 --- [           main] o.apache.catalina.core.StandardService   : Starting service [Tomcat]
2019-09-05 22:08:11.156  INFO 22948 --- [           main] org.apache.catalina.core.StandardEngine  : Starting Servlet engine: [Apache Tomcat/9.0.22]
2019-09-05 22:08:11.241  INFO 22948 --- [           main] o.a.c.c.C.[Tomcat].[localhost].[/]       : Initializing Spring embedded WebApplicationContext
2019-09-05 22:08:11.241  INFO 22948 --- [           main] o.s.web.context.ContextLoader            : Root WebApplicationContext: initialization completed in 1417 ms
2019-09-05 22:08:11.395  INFO 22948 --- [           main] com.zaxxer.hikari.HikariDataSource       : HikariPool-1 - Starting...
2019-09-05 22:08:11.569  INFO 22948 --- [           main] com.zaxxer.hikari.HikariDataSource       : HikariPool-1 - Start completed.
2019-09-05 22:08:11.623  INFO 22948 --- [           main] o.hibernate.jpa.internal.util.LogHelper  : HHH000204: Processing PersistenceUnitInfo [
	name: default
	...]
2019-09-05 22:08:11.689  INFO 22948 --- [           main] org.hibernate.Version                    : HHH000412: Hibernate Core {5.3.10.Final}
2019-09-05 22:08:11.690  INFO 22948 --- [           main] org.hibernate.cfg.Environment            : HHH000206: hibernate.properties not found
2019-09-05 22:08:11.840  INFO 22948 --- [           main] o.hibernate.annotations.common.Version   : HCANN000001: Hibernate Commons Annotations {5.0.4.Final}
2019-09-05 22:08:12.008  INFO 22948 --- [           main] org.hibernate.dialect.Dialect            : HHH000400: Using dialect: org.hibernate.dialect.H2Dialect
Hibernate: drop table account if exists
Hibernate: create table account (num varchar(255) not null, balance double not null, primary key (num))
2019-09-05 22:08:12.761  INFO 22948 --- [           main] o.h.t.schema.internal.SchemaCreatorImpl  : HHH000476: Executing import script 'org.hibernate.tool.schema.internal.exec.ScriptSourceInputNonExistentImpl@34c8b11e'
2019-09-05 22:08:12.762  INFO 22948 --- [           main] j.LocalContainerEntityManagerFactoryBean : Initialized JPA EntityManagerFactory for persistence unit 'default'
2019-09-05 22:08:13.215  INFO 22948 --- [           main] o.s.s.concurrent.ThreadPoolTaskExecutor  : Initializing ExecutorService 'applicationTaskExecutor'
2019-09-05 22:08:13.273  WARN 22948 --- [           main] aWebConfiguration$JpaWebMvcConfiguration : spring.jpa.open-in-view is enabled by default. Therefore, database queries may be performed during view rendering. Explicitly configure spring.jpa.open-in-view to disable this warning
2019-09-05 22:08:13.474  INFO 22948 --- [           main] o.s.b.w.embedded.tomcat.TomcatWebServer  : Tomcat started on port(s): 8181 (http) with context path ''
2019-09-05 22:08:13.476  INFO 22948 --- [           main] com.example.Application                  : Started Application in 4.22 seconds (JVM running for 7.197)
2019-09-05 22:08:50.469  INFO 22948 --- [       Thread-5] o.s.s.concurrent.ThreadPoolTaskExecutor  : Shutting down ExecutorService 'applicationTaskExecutor'
2019-09-05 22:08:50.469  INFO 22948 --- [       Thread-5] j.LocalContainerEntityManagerFactoryBean : Closing JPA EntityManagerFactory for persistence unit 'default'
2019-09-05 22:08:50.471  INFO 22948 --- [       Thread-5] com.zaxxer.hikari.HikariDataSource       : HikariPool-1 - Shutdown initiated...
2019-09-05 22:08:50.474  INFO 22948 --- [       Thread-5] com.zaxxer.hikari.HikariDataSource       : HikariPool-1 - Shutdown completed.
[[INFO] Scanning for projects...
[INFO] 
[INFO] --------------------< com.example:5-Txr-system-v3 >---------------------
[INFO] Building 5-Txr-system-v3 0.0.1-SNAPSHOT
[INFO] --------------------------------[ jar ]---------------------------------
[INFO] 
[INFO] >>> spring-boot-maven-plugin:2.1.7.RELEASE:run (default-cli) > test-compile @ 5-Txr-system-v3 >>>
[INFO] 
[INFO] --- maven-resources-plugin:3.1.0:resources (default-resources) @ 5-Txr-system-v3 ---
[INFO] Using 'UTF-8' encoding to copy filtered resources.
[INFO] Copying 2 resources
[INFO] Copying 1 resource
[INFO] 
[INFO] --- maven-compiler-plugin:3.8.1:compile (default-compile) @ 5-Txr-system-v3 ---
[INFO] Nothing to compile - all classes are up to date
[INFO] 
[INFO] --- maven-resources-plugin:3.1.0:testResources (default-testResources) @ 5-Txr-system-v3 ---
[INFO] Using 'UTF-8' encoding to copy filtered resources.
[INFO] Copying 1 resource
[INFO] 
[INFO] --- maven-compiler-plugin:3.8.1:testCompile (default-testCompile) @ 5-Txr-system-v3 ---
[INFO] Nothing to compile - all classes are up to date
[INFO] 
[INFO] <<< spring-boot-maven-plugin:2.1.7.RELEASE:run (default-cli) < test-compile @ 5-Txr-system-v3 <<<
[INFO] 
[INFO] 
[INFO] --- spring-boot-maven-plugin:2.1.7.RELEASE:run (default-cli) @ 5-Txr-system-v3 ---

  .   ____          _            __ _ _
 /\\ / ___'_ __ _ _(_)_ __  __ _ \ \ \ \
( ( )\___ | '_ | '_| | '_ \/ _` | \ \ \ \
 \\/  ___)| |_)| | | | | || (_| |  ) ) ) )
  '  |____| .__|_| |_|_| |_\__, | / / / /
 =========|_|==============|___/=/_/_/_/
 :: Spring Boot ::        (v2.1.7.RELEASE)

2019-09-05 22:09:35.265  INFO 23281 --- [           main] com.example.Application                  : Starting Application on NAGABHUSHANAMs-MacBook-Pro.local with PID 23281 (/Users/nag-training/git/airbus-automation/Txr-system/target/classes started by nag-training in /Users/nag-training/git/airbus-automation/Txr-system)
2019-09-05 22:09:35.267  INFO 23281 --- [           main] com.example.Application                  : No active profile set, falling back to default profiles: default
2019-09-05 22:09:35.949  INFO 23281 --- [           main] .s.d.r.c.RepositoryConfigurationDelegate : Bootstrapping Spring Data repositories in DEFAULT mode.
2019-09-05 22:09:36.009  INFO 23281 --- [           main] .s.d.r.c.RepositoryConfigurationDelegate : Finished Spring Data repository scanning in 53ms. Found 1 repository interfaces.
2019-09-05 22:09:36.314  INFO 23281 --- [           main] trationDelegate$BeanPostProcessorChecker : Bean 'org.springframework.transaction.annotation.ProxyTransactionManagementConfiguration' of type [org.springframework.transaction.annotation.ProxyTransactionManagementConfiguration$$EnhancerBySpringCGLIB$$823b6a3a] is not eligible for getting processed by all BeanPostProcessors (for example: not eligible for auto-proxying)
2019-09-05 22:09:36.580  INFO 23281 --- [           main] o.s.b.w.embedded.tomcat.TomcatWebServer  : Tomcat initialized with port(s): 8181 (http)
2019-09-05 22:09:36.608  INFO 23281 --- [           main] o.apache.catalina.core.StandardService   : Starting service [Tomcat]
2019-09-05 22:09:36.609  INFO 23281 --- [           main] org.apache.catalina.core.StandardEngine  : Starting Servlet engine: [Apache Tomcat/9.0.22]
2019-09-05 22:09:36.691  INFO 23281 --- [           main] o.a.c.c.C.[Tomcat].[localhost].[/]       : Initializing Spring embedded WebApplicationContext
2019-09-05 22:09:36.691  INFO 23281 --- [           main] o.s.web.context.ContextLoader            : Root WebApplicationContext: initialization completed in 1384 ms
2019-09-05 22:09:36.832  INFO 23281 --- [           main] com.zaxxer.hikari.HikariDataSource       : HikariPool-1 - Starting...
2019-09-05 22:09:37.000  INFO 23281 --- [           main] com.zaxxer.hikari.HikariDataSource       : HikariPool-1 - Start completed.
2019-09-05 22:09:37.058  INFO 23281 --- [           main] o.hibernate.jpa.internal.util.LogHelper  : HHH000204: Processing PersistenceUnitInfo [
	name: default
	...]
2019-09-05 22:09:37.125  INFO 23281 --- [           main] org.hibernate.Version                    : HHH000412: Hibernate Core {5.3.10.Final}
2019-09-05 22:09:37.127  INFO 23281 --- [           main] org.hibernate.cfg.Environment            : HHH000206: hibernate.properties not found
2019-09-05 22:09:37.282  INFO 23281 --- [           main] o.hibernate.annotations.common.Version   : HCANN000001: Hibernate Commons Annotations {5.0.4.Final}
2019-09-05 22:09:37.445  INFO 23281 --- [           main] org.hibernate.dialect.Dialect            : HHH000400: Using dialect: org.hibernate.dialect.H2Dialect
Hibernate: drop table account if exists
Hibernate: create table account (num varchar(255) not null, balance double not null, primary key (num))
2019-09-05 22:09:38.185  INFO 23281 --- [           main] o.h.t.schema.internal.SchemaCreatorImpl  : HHH000476: Executing import script 'org.hibernate.tool.schema.internal.exec.ScriptSourceInputNonExistentImpl@2d1149a1'
2019-09-05 22:09:38.187  INFO 23281 --- [           main] j.LocalContainerEntityManagerFactoryBean : Initialized JPA EntityManagerFactory for persistence unit 'default'
2019-09-05 22:09:38.581  INFO 23281 --- [           main] o.s.s.concurrent.ThreadPoolTaskExecutor  : Initializing ExecutorService 'applicationTaskExecutor'
2019-09-05 22:09:38.625  WARN 23281 --- [           main] aWebConfiguration$JpaWebMvcConfiguration : spring.jpa.open-in-view is enabled by default. Therefore, database queries may be performed during view rendering. Explicitly configure spring.jpa.open-in-view to disable this warning
2019-09-05 22:09:38.792 ERROR 23281 --- [           main] org.apache.catalina.util.LifecycleBase   : Failed to start component [Connector[HTTP/1.1-8181]]

org.apache.catalina.LifecycleException: Protocol handler start failed
	at org.apache.catalina.connector.Connector.startInternal(Connector.java:1008) ~[tomcat-embed-core-9.0.22.jar:9.0.22]
	at org.apache.catalina.util.LifecycleBase.start(LifecycleBase.java:183) ~[tomcat-embed-core-9.0.22.jar:9.0.22]
	at org.apache.catalina.core.StandardService.addConnector(StandardService.java:227) [tomcat-embed-core-9.0.22.jar:9.0.22]
	at org.springframework.boot.web.embedded.tomcat.TomcatWebServer.addPreviouslyRemovedConnectors(TomcatWebServer.java:263) [spring-boot-2.1.7.RELEASE.jar:2.1.7.RELEASE]
	at org.springframework.boot.web.embedded.tomcat.TomcatWebServer.start(TomcatWebServer.java:195) [spring-boot-2.1.7.RELEASE.jar:2.1.7.RELEASE]
	at org.springframework.boot.web.servlet.context.ServletWebServerApplicationContext.startWebServer(ServletWebServerApplicationContext.java:297) [spring-boot-2.1.7.RELEASE.jar:2.1.7.RELEASE]
	at org.springframework.boot.web.servlet.context.ServletWebServerApplicationContext.finishRefresh(ServletWebServerApplicationContext.java:163) [spring-boot-2.1.7.RELEASE.jar:2.1.7.RELEASE]
	at org.springframework.context.support.AbstractApplicationContext.refresh(AbstractApplicationContext.java:552) [spring-context-5.1.9.RELEASE.jar:5.1.9.RELEASE]
	at org.springframework.boot.web.servlet.context.ServletWebServerApplicationContext.refresh(ServletWebServerApplicationContext.java:141) [spring-boot-2.1.7.RELEASE.jar:2.1.7.RELEASE]
	at org.springframework.boot.SpringApplication.refresh(SpringApplication.java:743) [spring-boot-2.1.7.RELEASE.jar:2.1.7.RELEASE]
	at org.springframework.boot.SpringApplication.refreshContext(SpringApplication.java:390) [spring-boot-2.1.7.RELEASE.jar:2.1.7.RELEASE]
	at org.springframework.boot.SpringApplication.run(SpringApplication.java:312) [spring-boot-2.1.7.RELEASE.jar:2.1.7.RELEASE]
	at org.springframework.boot.SpringApplication.run(SpringApplication.java:1214) [spring-boot-2.1.7.RELEASE.jar:2.1.7.RELEASE]
	at org.springframework.boot.SpringApplication.run(SpringApplication.java:1203) [spring-boot-2.1.7.RELEASE.jar:2.1.7.RELEASE]
	at com.example.Application.main(Application.java:10) [classes/:na]
	at sun.reflect.NativeMethodAccessorImpl.invoke0(Native Method) ~[na:1.8.0_181]
	at sun.reflect.NativeMethodAccessorImpl.invoke(NativeMethodAccessorImpl.java:62) ~[na:1.8.0_181]
	at sun.reflect.DelegatingMethodAccessorImpl.invoke(DelegatingMethodAccessorImpl.java:43) ~[na:1.8.0_181]
	at java.lang.reflect.Method.invoke(Method.java:498) ~[na:1.8.0_181]
	at org.springframework.boot.maven.AbstractRunMojo$LaunchRunner.run(AbstractRunMojo.java:543) [spring-boot-maven-plugin-2.1.7.RELEASE.jar:2.1.7.RELEASE]
	at java.lang.Thread.run(Thread.java:748) [na:1.8.0_181]
Caused by: java.net.BindException: Address already in use
	at sun.nio.ch.Net.bind0(Native Method) ~[na:1.8.0_181]
	at sun.nio.ch.Net.bind(Net.java:433) ~[na:1.8.0_181]
	at sun.nio.ch.Net.bind(Net.java:425) ~[na:1.8.0_181]
	at sun.nio.ch.ServerSocketChannelImpl.bind(ServerSocketChannelImpl.java:223) ~[na:1.8.0_181]
	at sun.nio.ch.ServerSocketAdaptor.bind(ServerSocketAdaptor.java:74) ~[na:1.8.0_181]
	at org.apache.tomcat.util.net.NioEndpoint.initServerSocket(NioEndpoint.java:230) ~[tomcat-embed-core-9.0.22.jar:9.0.22]
	at org.apache.tomcat.util.net.NioEndpoint.bind(NioEndpoint.java:213) ~[tomcat-embed-core-9.0.22.jar:9.0.22]
	at org.apache.tomcat.util.net.AbstractEndpoint.bindWithCleanup(AbstractEndpoint.java:1124) ~[tomcat-embed-core-9.0.22.jar:9.0.22]
	at org.apache.tomcat.util.net.AbstractEndpoint.start(AbstractEndpoint.java:1210) ~[tomcat-embed-core-9.0.22.jar:9.0.22]
	at org.apache.coyote.AbstractProtocol.start(AbstractProtocol.java:585) ~[tomcat-embed-core-9.0.22.jar:9.0.22]
	at org.apache.catalina.connector.Connector.startInternal(Connector.java:1005) ~[tomcat-embed-core-9.0.22.jar:9.0.22]
	... 20 common frames omitted

2019-09-05 22:09:38.796  INFO 23281 --- [           main] o.apache.catalina.core.StandardService   : Stopping service [Tomcat]
2019-09-05 22:09:38.803  INFO 23281 --- [           main] ConditionEvaluationReportLoggingListener : 

Error starting ApplicationContext. To display the conditions report re-run your application with 'debug' enabled.
2019-09-05 22:09:38.804 ERROR 23281 --- [           main] o.s.b.d.LoggingFailureAnalysisReporter   : 

***************************
APPLICATION FAILED TO START
***************************

Description:

The Tomcat connector configured to listen on port 8181 failed to start. The port may already be in use or the connector may be misconfigured.

Action:

Verify the connector's configuration, identify and stop any process that's listening on port 8181, or configure this application to listen on another port.

2019-09-05 22:09:38.807  INFO 23281 --- [           main] o.s.s.concurrent.ThreadPoolTaskExecutor  : Shutting down ExecutorService 'applicationTaskExecutor'
2019-09-05 22:09:38.807  INFO 23281 --- [           main] j.LocalContainerEntityManagerFactoryBean : Closing JPA EntityManagerFactory for persistence unit 'default'
2019-09-05 22:09:38.809  INFO 23281 --- [           main] com.zaxxer.hikari.HikariDataSource       : HikariPool-1 - Shutdown initiated...
2019-09-05 22:09:38.812  INFO 23281 --- [           main] com.zaxxer.hikari.HikariDataSource       : HikariPool-1 - Shutdown completed.
[WARNING] 
java.lang.reflect.InvocationTargetException
    at sun.reflect.NativeMethodAccessorImpl.invoke0 (Native Method)
    at sun.reflect.NativeMethodAccessorImpl.invoke (NativeMethodAccessorImpl.java:62)
    at sun.reflect.DelegatingMethodAccessorImpl.invoke (DelegatingMethodAccessorImpl.java:43)
    at java.lang.reflect.Method.invoke (Method.java:498)
    at org.springframework.boot.maven.AbstractRunMojo$LaunchRunner.run (AbstractRunMojo.java:543)
    at java.lang.Thread.run (Thread.java:748)
Caused by: org.springframework.boot.web.embedded.tomcat.ConnectorStartFailedException: Connector configured to listen on port 8181 failed to start
    at org.springframework.boot.web.embedded.tomcat.TomcatWebServer.checkConnectorHasStarted (TomcatWebServer.java:228)
    at org.springframework.boot.web.embedded.tomcat.TomcatWebServer.checkThatConnectorsHaveStarted (TomcatWebServer.java:220)
    at org.springframework.boot.web.embedded.tomcat.TomcatWebServer.start (TomcatWebServer.java:200)
    at org.springframework.boot.web.servlet.context.ServletWebServerApplicationContext.startWebServer (ServletWebServerApplicationContext.java:297)
    at org.springframework.boot.web.servlet.context.ServletWebServerApplicationContext.finishRefresh (ServletWebServerApplicationContext.java:163)
    at org.springframework.context.support.AbstractApplicationContext.refresh (AbstractApplicationContext.java:552)
    at org.springframework.boot.web.servlet.context.ServletWebServerApplicationContext.refresh (ServletWebServerApplicationContext.java:141)
    at org.springframework.boot.SpringApplication.refresh (SpringApplication.java:743)
    at org.springframework.boot.SpringApplication.refreshContext (SpringApplication.java:390)
    at org.springframework.boot.SpringApplication.run (SpringApplication.java:312)
    at org.springframework.boot.SpringApplication.run (SpringApplication.java:1214)
    at org.springframework.boot.SpringApplication.run (SpringApplication.java:1203)
    at com.example.Application.main (Application.java:10)
    at sun.reflect.NativeMethodAccessorImpl.invoke0 (Native Method)
    at sun.reflect.NativeMethodAccessorImpl.invoke (NativeMethodAccessorImpl.java:62)
    at sun.reflect.DelegatingMethodAccessorImpl.invoke (DelegatingMethodAccessorImpl.java:43)
    at java.lang.reflect.Method.invoke (Method.java:498)
    at org.springframework.boot.maven.AbstractRunMojo$LaunchRunner.run (AbstractRunMojo.java:543)
    at java.lang.Thread.run (Thread.java:748)
[INFO] ------------------------------------------------------------------------
[INFO] BUILD FAILURE
[INFO] ------------------------------------------------------------------------
[INFO] Total time:  5.524 s
[INFO] Finished at: 2019-09-05T22:09:38+05:30
[INFO] ------------------------------------------------------------------------
[ERROR] Failed to execute goal org.springframework.boot:spring-boot-maven-plugin:2.1.7.RELEASE:run (default-cli) on project 5-Txr-system-v3: An exception occurred while running. null: InvocationTargetException: Connector configured to listen on port 8181 failed to start -> [Help 1]
[ERROR] 
[ERROR] To see the full stack trace of the errors, re-run Maven with the -e switch.
[ERROR] Re-run Maven using the -X switch to enable full debug logging.
[ERROR] 
[ERROR] For more information about the errors and possible solutions, please read the following articles:
[ERROR] [Help 1] http://cwiki.apache.org/confluence/display/MAVEN/MojoExecutionException
